2025-08-15 14:15:53,956 - ERROR - Необработанное исключение: SystemDoesNotExist: <Model: System> instance matching query does not exist:
SQL: SELECT `t1`.`id`, `t1`.`title_id`, `t1`.`total_athletes`, `t1`.`total_group`, `t1`.`max_player`, `t1`.`stage`, `t1`.`type_table`, `t1`.`page_vid`, `t1`.`label_string`, `t1`.`kol_game_string`, `t1`.`choice_flag`, `t1`.`score_flag`, `t1`.`visible_game`, `t1`.`stage_exit`, `t1`.`mesta_exit`, `t1`.`no_game`, `t1`.`sex` FROM `system` AS `t1` WHERE ((`t1`.`title_id` = (%s AND (`t1`.`sex` = %s))) AND (`t1`.`stage` = %s)) LIMIT %s OFFSET %s
Params: [48, 'man', 'Предварительный', 1, 0]
2025-08-15 14:15:53,966 - ERROR - Трассировка стека:
Traceback (most recent call last):
  File "c:\Users\Alex\Competitions_TT_v1.2\venv\Lib\site-packages\peewee.py", line 7297, in get
    return clone.execute(database)[0]
           ~~~~~~~~~~~~~~~~~~~~~~~^^^
  File "c:\Users\Alex\Competitions_TT_v1.2\venv\Lib\site-packages\peewee.py", line 4583, in __getitem__
    return self.row_cache[item]
           ~~~~~~~~~~~~~~^^^^^^
IndexError: list index out of range

During handling of the above exception, another exception occurred:

Traceback (most recent call last):
  File "c:\Users\Alex\Competitions_TT_v1.2\main.py", line 10727, in etap_made
    flag = control_all_player_in_final(etap, all_sum_player_final) # проверяет все ли игроки распределены по финалам
  File "c:\Users\Alex\Competitions_TT_v1.2\main.py", line 10916, in control_all_player_in_final
    choice_gr_automat()
    ~~~~~~~~~~~~~~~~~^^
  File "c:\Users\Alex\Competitions_TT_v1.2\main.py", line 7875, in choice_gr_automat
    sys_id = sys.select().where(System.stage == stage).get()
  File "c:\Users\Alex\Competitions_TT_v1.2\venv\Lib\site-packages\peewee.py", line 7300, in get
    raise self.model.DoesNotExist('%s instance matching query does '
                                  'not exist:\nSQL: %s\nParams: %s' %
                                  (clone.model, sql, params))
models.SystemDoesNotExist: <Model: System> instance matching query does not exist:
SQL: SELECT `t1`.`id`, `t1`.`title_id`, `t1`.`total_athletes`, `t1`.`total_group`, `t1`.`max_player`, `t1`.`stage`, `t1`.`type_table`, `t1`.`page_vid`, `t1`.`label_string`, `t1`.`kol_game_string`, `t1`.`choice_flag`, `t1`.`score_flag`, `t1`.`visible_game`, `t1`.`stage_exit`, `t1`.`mesta_exit`, `t1`.`no_game`, `t1`.`sex` FROM `system` AS `t1` WHERE ((`t1`.`title_id` = (%s AND (`t1`.`sex` = %s))) AND (`t1`.`stage` = %s)) LIMIT %s OFFSET %s
Params: [48, 'man', 'Предварительный', 1, 0]
