2025-08-14 14:45:30,068 - ERROR - Необработанное исключение: SystemDoesNotExist: <Model: System> instance matching query does not exist:
SQL: SELECT `t1`.`id`, `t1`.`title_id`, `t1`.`total_athletes`, `t1`.`total_group`, `t1`.`max_player`, `t1`.`stage`, `t1`.`type_table`, `t1`.`page_vid`, `t1`.`label_string`, `t1`.`kol_game_string`, `t1`.`choice_flag`, `t1`.`score_flag`, `t1`.`visible_game`, `t1`.`stage_exit`, `t1`.`mesta_exit`, `t1`.`no_game`, `t1`.`sex` FROM `system` AS `t1` WHERE (((`t1`.`stage` = %s) AND (`t1`.`title_id` = %s)) AND (`t1`.`sex` = %s)) LIMIT %s OFFSET %s
Params: ['Предварительный', 48, 'woman', 1, 0]
2025-08-14 14:45:30,069 - ERROR - Трассировка стека:
Traceback (most recent call last):
  File "C:\Users\Alex\Competitions_TT_v1.2\venv\Lib\site-packages\peewee.py", line 7297, in get
    return clone.execute(database)[0]
           ~~~~~~~~~~~~~~~~~~~~~~~^^^
  File "C:\Users\Alex\Competitions_TT_v1.2\venv\Lib\site-packages\peewee.py", line 4583, in __getitem__
    return self.row_cache[item]
           ~~~~~~~~~~~~~~^^^^^^
IndexError: list index out of range

During handling of the above exception, another exception occurred:

Traceback (most recent call last):
  File "c:\Users\Alex\Competitions_TT_v1.2\main.py", line 3663, in tool_page
    page()
    ~~~~^^
  File "c:\Users\Alex\Competitions_TT_v1.2\main.py", line 3760, in page
    flag_choice = ready_choice(stage)
  File "c:\Users\Alex\Competitions_TT_v1.2\main.py", line 11437, in ready_choice
    id_system = system_id(stage)
  File "c:\Users\Alex\Competitions_TT_v1.2\main.py", line 11978, in system_id
    systems = System.select().where((System.stage == stage) & (System.title_id == title_id()) & (System.sex == pol)).get()
  File "C:\Users\Alex\Competitions_TT_v1.2\venv\Lib\site-packages\peewee.py", line 7300, in get
    raise self.model.DoesNotExist('%s instance matching query does '
                                  'not exist:\nSQL: %s\nParams: %s' %
                                  (clone.model, sql, params))
models.SystemDoesNotExist: <Model: System> instance matching query does not exist:
SQL: SELECT `t1`.`id`, `t1`.`title_id`, `t1`.`total_athletes`, `t1`.`total_group`, `t1`.`max_player`, `t1`.`stage`, `t1`.`type_table`, `t1`.`page_vid`, `t1`.`label_string`, `t1`.`kol_game_string`, `t1`.`choice_flag`, `t1`.`score_flag`, `t1`.`visible_game`, `t1`.`stage_exit`, `t1`.`mesta_exit`, `t1`.`no_game`, `t1`.`sex` FROM `system` AS `t1` WHERE (((`t1`.`stage` = %s) AND (`t1`.`title_id` = %s)) AND (`t1`.`sex` = %s)) LIMIT %s OFFSET %s
Params: ['Предварительный', 48, 'woman', 1, 0]
